  [1m[36m (38.1ms)[0m  [1mCREATE TABLE "schema_migrations" ("version" character varying NOT NULL) [0m
  [1m[35m (1.5ms)[0m  CREATE UNIQUE INDEX  "unique_schema_migrations" ON "schema_migrations"  ("version")
  [1m[36mActiveRecord::SchemaMigration Load (0.3ms)[0m  [1mSELECT "schema_migrations".* FROM "schema_migrations"[0m
Migrating to CreateUsers (20151030175926)
  [1m[35m (0.1ms)[0m  BEGIN
  [1m[36m (6.6ms)[0m  [1mCREATE TABLE "users" ("id" serial primary key, "first_name" character varying, "last_name" character varying, "email" character varying, "password_digest" character varying, "created_at" timestamp NOT NULL, "updated_at" timestamp NOT NULL) [0m
  [1m[35mSQL (0.3ms)[0m  INSERT INTO "schema_migrations" ("version") VALUES ($1)  [["version", "20151030175926"]]
  [1m[36m (0.3ms)[0m  [1mCOMMIT[0m
Migrating to CreatePosts (20151116194130)
  [1m[35m (0.1ms)[0m  BEGIN
  [1m[36m (3.0ms)[0m  [1mCREATE TABLE "posts" ("id" serial primary key, "user_id" integer, "title" character varying, "image" character varying, "content" text, "created_at" timestamp NOT NULL, "updated_at" timestamp NOT NULL) [0m
  [1m[35m (1.2ms)[0m  CREATE  INDEX  "index_posts_on_user_id" ON "posts"  ("user_id")
  [1m[36m (2.6ms)[0m  [1mALTER TABLE "posts" ADD CONSTRAINT "fk_rails_5b5ddfd518"
FOREIGN KEY ("user_id")
  REFERENCES "users" ("id")
[0m
  [1m[35mSQL (0.2ms)[0m  INSERT INTO "schema_migrations" ("version") VALUES ($1)  [["version", "20151116194130"]]
  [1m[36m (0.5ms)[0m  [1mCOMMIT[0m
Migrating to AddImageToPosts (20161210232637)
  [1m[35m (0.1ms)[0m  BEGIN
  [1m[36m (0.5ms)[0m  [1mALTER TABLE "posts" ADD "image" character varying[0m
PG::DuplicateColumn: ERROR:  column "image" of relation "posts" already exists
: ALTER TABLE "posts" ADD "image" character varying
  [1m[35m (0.1ms)[0m  ROLLBACK
